2021-08-03 10:38:09 INFO  Is it prime?
2021-08-03 10:38:09 INFO  Is it prime?
2021-08-03 10:38:09 INFO  Is it prime?
2021-08-03 10:38:09 INFO  Is it prime?
2021-08-03 10:38:09 INFO  Is it prime
2021-08-03 10:38:09 INFO  Is it prime?
2021-08-03 10:38:09 INFO  Is it prime?
2021-08-03 10:38:09 INFO  Is it prime
2021-08-03 10:38:09 INFO  Is it prime?
2021-08-03 10:38:09 INFO  Is it prime?
2021-08-03 10:38:09 INFO  Function has ended
2021-08-03 10:38:35 INFO  Function has started.
2021-08-03 10:38:35 INFO  Checking for i .
2021-08-03 10:38:35 INFO  Is it prime?
2021-08-03 10:38:35 INFO  Checking for i .
2021-08-03 10:38:35 INFO  Is it prime?
2021-08-03 10:38:35 INFO  Is it prime
2021-08-03 10:38:35 INFO  Checking for i .
2021-08-03 10:38:35 INFO  Is it prime?
2021-08-03 10:38:35 INFO  Is it prime
2021-08-03 10:38:35 INFO  Checking for i .
2021-08-03 10:38:35 INFO  Is it prime?
2021-08-03 10:38:35 INFO  Checking for i .
2021-08-03 10:38:35 INFO  Is it prime?
2021-08-03 10:38:35 INFO  Is it prime
2021-08-03 10:38:35 INFO  Checking for i .
2021-08-03 10:38:35 INFO  Is it prime?
2021-08-03 10:38:35 INFO  Checking for i .
2021-08-03 10:38:35 INFO  Is it prime?
2021-08-03 10:38:35 INFO  Is it prime
2021-08-03 10:38:35 INFO  Checking for i .
2021-08-03 10:38:35 INFO  Is it prime?
2021-08-03 10:38:35 INFO  Checking for i .
2021-08-03 10:38:35 INFO  Is it prime?
2021-08-03 10:38:35 INFO  Checking for i .
2021-08-03 10:38:35 INFO  Is it prime?
2021-08-03 10:38:35 INFO  Checking for i .
2021-08-03 10:38:35 INFO  Is it prime?
2021-08-03 10:38:35 INFO  Is it prime
2021-08-03 10:38:35 INFO  Checking for i .
2021-08-03 10:38:35 INFO  Is it prime?
2021-08-03 10:38:35 INFO  Checking for i .
2021-08-03 10:38:35 INFO  Is it prime?
2021-08-03 10:38:35 INFO  Is it prime
2021-08-03 10:38:35 INFO  Checking for i .
2021-08-03 10:38:35 INFO  Is it prime?
2021-08-03 10:38:35 INFO  Checking for i .
2021-08-03 10:38:35 INFO  Is it prime?
2021-08-03 10:38:35 INFO  Function has ended

2021-08-03 10:41:54 INFO  Function has started.
2021-08-03 10:41:54 INFO  Checking for 1 .
2021-08-03 10:41:54 INFO  Is it prime?
2021-08-03 10:41:54 INFO  Checking for 2 .
2021-08-03 10:41:54 INFO  Is it prime?
2021-08-03 10:41:54 INFO  Is it prime
2021-08-03 10:41:54 INFO  Checking for 3 .
2021-08-03 10:41:54 INFO  Is it prime?
2021-08-03 10:41:54 INFO  Is it prime
2021-08-03 10:41:54 INFO  Checking for 4 .
2021-08-03 10:41:54 INFO  Is it prime?
2021-08-03 10:41:54 INFO  Checking for 5 .
2021-08-03 10:41:54 INFO  Is it prime?
2021-08-03 10:41:54 INFO  Is it prime
2021-08-03 10:41:54 INFO  Checking for 6 .
2021-08-03 10:41:54 INFO  Is it prime?
2021-08-03 10:41:54 INFO  Checking for 7 .
2021-08-03 10:41:54 INFO  Is it prime?
2021-08-03 10:41:54 INFO  Is it prime
2021-08-03 10:41:54 INFO  Checking for 8 .
2021-08-03 10:41:54 INFO  Is it prime?
2021-08-03 10:41:54 INFO  Checking for 9 .
2021-08-03 10:41:54 INFO  Is it prime?
2021-08-03 10:41:54 INFO  Checking for 10 .
2021-08-03 10:41:54 INFO  Is it prime?
2021-08-03 10:41:54 INFO  Checking for 11 .
2021-08-03 10:41:54 INFO  Is it prime?
2021-08-03 10:41:54 INFO  Is it prime
2021-08-03 10:41:54 INFO  Checking for 12 .
2021-08-03 10:41:54 INFO  Is it prime?
2021-08-03 10:41:54 INFO  Checking for 13 .
2021-08-03 10:41:54 INFO  Is it prime?
2021-08-03 10:41:54 INFO  Is it prime
2021-08-03 10:41:54 INFO  Checking for 14 .
2021-08-03 10:41:54 INFO  Is it prime?
2021-08-03 10:41:54 INFO  Checking for 15 .
2021-08-03 10:41:54 INFO  Is it prime?
2021-08-03 10:41:54 INFO  Function has ended

2021-08-03 10:42:02 INFO  Function has started.
2021-08-03 10:42:02 INFO  Checking for 1 .
2021-08-03 10:42:02 INFO  Is it prime?
2021-08-03 10:42:02 INFO  Checking for 2 .
2021-08-03 10:42:02 INFO  Is it prime?
2021-08-03 10:42:02 INFO  Is it prime
2021-08-03 10:42:02 INFO  Checking for 3 .
2021-08-03 10:42:02 INFO  Is it prime?
2021-08-03 10:42:02 INFO  Is it prime
2021-08-03 10:42:02 INFO  Checking for 4 .
2021-08-03 10:42:02 INFO  Is it prime?
2021-08-03 10:42:02 INFO  Checking for 5 .
2021-08-03 10:42:02 INFO  Is it prime?
2021-08-03 10:42:02 INFO  Is it prime
2021-08-03 10:42:02 INFO  Checking for 6 .
2021-08-03 10:42:02 INFO  Is it prime?
2021-08-03 10:42:02 INFO  Checking for 7 .
2021-08-03 10:42:02 INFO  Is it prime?
2021-08-03 10:42:02 INFO  Is it prime
2021-08-03 10:42:02 INFO  Checking for 8 .
2021-08-03 10:42:02 INFO  Is it prime?
2021-08-03 10:42:02 INFO  Checking for 9 .
2021-08-03 10:42:02 INFO  Is it prime?
2021-08-03 10:42:02 INFO  Checking for 10 .
2021-08-03 10:42:02 INFO  Is it prime?
2021-08-03 10:42:02 INFO  Checking for 11 .
2021-08-03 10:42:02 INFO  Is it prime?
2021-08-03 10:42:02 INFO  Is it prime
2021-08-03 10:42:02 INFO  Checking for 12 .
2021-08-03 10:42:02 INFO  Is it prime?
2021-08-03 10:42:02 INFO  Checking for 13 .
2021-08-03 10:42:02 INFO  Is it prime?
2021-08-03 10:42:02 INFO  Is it prime
2021-08-03 10:42:02 INFO  Checking for 14 .
2021-08-03 10:42:02 INFO  Is it prime?
2021-08-03 10:42:02 INFO  Checking for 15 .
2021-08-03 10:42:02 INFO  Is it prime?
2021-08-03 10:42:02 INFO  Function has ended

2021-08-03 10:42:49 INFO  Function has started.
2021-08-03 10:42:49 INFO  Checking for 1 .
2021-08-03 10:42:49 INFO  Is it prime?
2021-08-03 10:42:49 INFO  Checking for 2 .
2021-08-03 10:42:49 INFO  Is it prime?
2021-08-03 10:42:49 INFO  Is it prime
2021-08-03 10:42:49 INFO  Checking for 3 .
2021-08-03 10:42:49 INFO  Is it prime?
2021-08-03 10:42:49 INFO  Is it prime
2021-08-03 10:42:49 INFO  Checking for 4 .
2021-08-03 10:42:49 INFO  Is it prime?
2021-08-03 10:42:49 INFO  Checking for 5 .
2021-08-03 10:42:49 INFO  Is it prime?
2021-08-03 10:42:49 INFO  Is it prime
2021-08-03 10:42:49 INFO  Checking for 6 .
2021-08-03 10:42:49 INFO  Is it prime?
2021-08-03 10:42:49 INFO  Checking for 7 .
2021-08-03 10:42:49 INFO  Is it prime?
2021-08-03 10:42:49 INFO  Is it prime
2021-08-03 10:42:49 INFO  Checking for 8 .
2021-08-03 10:42:49 INFO  Is it prime?
2021-08-03 10:42:49 INFO  Checking for 9 .
2021-08-03 10:42:49 INFO  Is it prime?
2021-08-03 10:42:49 INFO  Checking for 10 .
2021-08-03 10:42:49 INFO  Is it prime?
2021-08-03 10:42:49 INFO  Checking for 11 .
2021-08-03 10:42:49 INFO  Is it prime?
2021-08-03 10:42:49 INFO  Is it prime
2021-08-03 10:42:49 INFO  Checking for 12 .
2021-08-03 10:42:49 INFO  Is it prime?
2021-08-03 10:42:49 INFO  Checking for 13 .
2021-08-03 10:42:49 INFO  Is it prime?
2021-08-03 10:42:49 INFO  Is it prime
2021-08-03 10:42:49 INFO  Checking for 14 .
2021-08-03 10:42:49 INFO  Is it prime?
2021-08-03 10:42:49 INFO  Checking for 15 .
2021-08-03 10:42:49 INFO  Is it prime?
2021-08-03 10:42:49 INFO  Function has ended

2021-08-03 10:47:07 INFO  Function has started.
2021-08-03 10:47:07 INFO  Checking for 1 .
2021-08-03 10:47:07 INFO  Is it prime?
2021-08-03 10:47:07 INFO  Checking for 2 .
2021-08-03 10:47:07 INFO  Is it prime?
2021-08-03 10:47:07 INFO  Is it in fibonacci?
2021-08-03 10:47:07 INFO  Checking for 3 .
2021-08-03 10:47:07 INFO  Is it prime?
2021-08-03 10:47:07 INFO  Is it in fibonacci?
2021-08-03 10:47:07 INFO  Checking for 4 .
2021-08-03 10:47:07 INFO  Is it prime?
2021-08-03 10:47:07 INFO  Checking for 5 .
2021-08-03 10:47:07 INFO  Is it prime?
2021-08-03 10:47:07 INFO  Is it in fibonacci?
2021-08-03 10:47:07 INFO  Checking for 6 .
2021-08-03 10:47:07 INFO  Is it prime?
2021-08-03 10:47:07 INFO  Checking for 7 .
2021-08-03 10:47:07 INFO  Is it prime?
2021-08-03 10:47:07 INFO  Is it in fibonacci?
2021-08-03 10:47:07 INFO  Checking for 8 .
2021-08-03 10:47:07 INFO  Is it prime?
2021-08-03 10:47:07 INFO  Checking for 9 .
2021-08-03 10:47:07 INFO  Is it prime?
2021-08-03 10:47:07 INFO  Checking for 10 .
2021-08-03 10:47:07 INFO  Is it prime?
2021-08-03 10:47:07 INFO  Checking for 11 .
2021-08-03 10:47:07 INFO  Is it prime?
2021-08-03 10:47:07 INFO  Is it in fibonacci?
2021-08-03 10:47:07 INFO  Checking for 12 .
2021-08-03 10:47:07 INFO  Is it prime?
2021-08-03 10:47:07 INFO  Checking for 13 .
2021-08-03 10:47:07 INFO  Is it prime?
2021-08-03 10:47:07 INFO  Is it in fibonacci?
2021-08-03 10:47:07 INFO  Checking for 14 .
2021-08-03 10:47:07 INFO  Is it prime?
2021-08-03 10:47:07 INFO  Checking for 15 .
2021-08-03 10:47:07 INFO  Is it prime?
2021-08-03 10:47:07 INFO  Function has ended

2021-08-03 10:47:12 INFO  Function has started.
2021-08-03 10:47:12 INFO  Checking for 1 .
2021-08-03 10:47:12 INFO  Is it prime?
2021-08-03 10:47:12 INFO  Checking for 2 .
2021-08-03 10:47:12 INFO  Is it prime?
2021-08-03 10:47:12 INFO  Is it in fibonacci?
2021-08-03 10:47:12 INFO  Checking for 3 .
2021-08-03 10:47:12 INFO  Is it prime?
2021-08-03 10:47:12 INFO  Is it in fibonacci?
2021-08-03 10:47:12 INFO  Checking for 4 .
2021-08-03 10:47:12 INFO  Is it prime?
2021-08-03 10:47:12 INFO  Checking for 5 .
2021-08-03 10:47:12 INFO  Is it prime?
2021-08-03 10:47:12 INFO  Is it in fibonacci?
2021-08-03 10:47:12 INFO  Checking for 6 .
2021-08-03 10:47:12 INFO  Is it prime?
2021-08-03 10:47:12 INFO  Checking for 7 .
2021-08-03 10:47:12 INFO  Is it prime?
2021-08-03 10:47:12 INFO  Is it in fibonacci?
2021-08-03 10:47:12 INFO  Checking for 8 .
2021-08-03 10:47:12 INFO  Is it prime?
2021-08-03 10:47:12 INFO  Checking for 9 .
2021-08-03 10:47:12 INFO  Is it prime?
2021-08-03 10:47:12 INFO  Checking for 10 .
2021-08-03 10:47:12 INFO  Is it prime?
2021-08-03 10:47:12 INFO  Checking for 11 .
2021-08-03 10:47:12 INFO  Is it prime?
2021-08-03 10:47:12 INFO  Is it in fibonacci?
2021-08-03 10:47:12 INFO  Checking for 12 .
2021-08-03 10:47:12 INFO  Is it prime?
2021-08-03 10:47:12 INFO  Checking for 13 .
2021-08-03 10:47:12 INFO  Is it prime?
2021-08-03 10:47:12 INFO  Is it in fibonacci?
2021-08-03 10:47:12 INFO  Checking for 14 .
2021-08-03 10:47:12 INFO  Is it prime?
2021-08-03 10:47:12 INFO  Checking for 15 .
2021-08-03 10:47:12 INFO  Is it prime?
2021-08-03 10:47:12 INFO  Function has ended

2021-08-03 10:49:37 INFO  Function has started.
 (FiboPrime.java:62)2021-08-03 10:49:37 INFO  Checking for 1 .
 (FiboPrime.java:71)2021-08-03 10:49:37 INFO  Is it prime?
 (FiboPrime.java:19)2021-08-03 10:49:37 INFO  Checking for 2 .
 (FiboPrime.java:71)2021-08-03 10:49:37 INFO  Is it prime?
 (FiboPrime.java:19)2021-08-03 10:49:37 INFO  Is it in fibonacci?
 (FiboPrime.java:10)2021-08-03 10:49:37 INFO  Checking for 3 .
 (FiboPrime.java:71)2021-08-03 10:49:37 INFO  Is it prime?
 (FiboPrime.java:19)2021-08-03 10:49:37 INFO  Is it in fibonacci?
 (FiboPrime.java:10)2021-08-03 10:49:37 INFO  Checking for 4 .
 (FiboPrime.java:71)2021-08-03 10:49:37 INFO  Is it prime?
 (FiboPrime.java:19)2021-08-03 10:49:37 INFO  Checking for 5 .
 (FiboPrime.java:71)2021-08-03 10:49:37 INFO  Is it prime?
 (FiboPrime.java:19)2021-08-03 10:49:37 INFO  Is it in fibonacci?
 (FiboPrime.java:10)2021-08-03 10:49:37 INFO  Checking for 6 .
 (FiboPrime.java:71)2021-08-03 10:49:37 INFO  Is it prime?
 (FiboPrime.java:19)2021-08-03 10:49:37 INFO  Checking for 7 .
 (FiboPrime.java:71)2021-08-03 10:49:37 INFO  Is it prime?
 (FiboPrime.java:19)2021-08-03 10:49:37 INFO  Is it in fibonacci?
 (FiboPrime.java:10)2021-08-03 10:49:37 INFO  Checking for 8 .
 (FiboPrime.java:71)2021-08-03 10:49:37 INFO  Is it prime?
 (FiboPrime.java:19)2021-08-03 10:49:37 INFO  Checking for 9 .
 (FiboPrime.java:71)2021-08-03 10:49:37 INFO  Is it prime?
 (FiboPrime.java:19)2021-08-03 10:49:37 INFO  Checking for 10 .
 (FiboPrime.java:71)2021-08-03 10:49:37 INFO  Is it prime?
 (FiboPrime.java:19)2021-08-03 10:49:37 INFO  Checking for 11 .
 (FiboPrime.java:71)2021-08-03 10:49:37 INFO  Is it prime?
 (FiboPrime.java:19)2021-08-03 10:49:37 INFO  Is it in fibonacci?
 (FiboPrime.java:10)2021-08-03 10:49:37 INFO  Checking for 12 .
 (FiboPrime.java:71)2021-08-03 10:49:37 INFO  Is it prime?
 (FiboPrime.java:19)2021-08-03 10:49:37 INFO  Checking for 13 .
 (FiboPrime.java:71)2021-08-03 10:49:37 INFO  Is it prime?
 (FiboPrime.java:19)2021-08-03 10:49:37 INFO  Is it in fibonacci?
 (FiboPrime.java:10)2021-08-03 10:49:37 INFO  Checking for 14 .
 (FiboPrime.java:71)2021-08-03 10:49:37 INFO  Is it prime?
 (FiboPrime.java:19)2021-08-03 10:49:37 INFO  Checking for 15 .
 (FiboPrime.java:71)2021-08-03 10:49:37 INFO  Is it prime?
 (FiboPrime.java:19)2021-08-03 10:49:37 INFO  Function has ended

 (FiboPrime.java:76)2021-08-03 10:53:21 INFO  Function has started.
 (FiboPrime.java:59)2021-08-03 10:53:21 INFO  Checking for 1 .
 (FiboPrime.java:68)2021-08-03 10:53:21 INFO  Is it prime?
 (FiboPrime.java:19)2021-08-03 10:53:21 INFO  Checking for 2 .
 (FiboPrime.java:68)2021-08-03 10:53:21 INFO  Is it prime?
 (FiboPrime.java:19)2021-08-03 10:53:21 INFO  Is it in fibonacci?
 (FiboPrime.java:10)2021-08-03 10:53:21 INFO  Checking for 3 .
 (FiboPrime.java:68)2021-08-03 10:53:21 INFO  Is it prime?
 (FiboPrime.java:19)2021-08-03 10:53:21 INFO  Is it in fibonacci?
 (FiboPrime.java:10)2021-08-03 10:53:21 INFO  Checking for 4 .
 (FiboPrime.java:68)2021-08-03 10:53:21 INFO  Is it prime?
 (FiboPrime.java:19)2021-08-03 10:53:21 INFO  Checking for 5 .
 (FiboPrime.java:68)2021-08-03 10:53:21 INFO  Is it prime?
 (FiboPrime.java:19)2021-08-03 10:53:21 INFO  Is it in fibonacci?
 (FiboPrime.java:10)2021-08-03 10:53:21 INFO  Checking for 6 .
 (FiboPrime.java:68)2021-08-03 10:53:21 INFO  Is it prime?
 (FiboPrime.java:19)2021-08-03 10:53:21 INFO  Checking for 7 .
 (FiboPrime.java:68)2021-08-03 10:53:21 INFO  Is it prime?
 (FiboPrime.java:19)2021-08-03 10:53:21 INFO  Is it in fibonacci?
 (FiboPrime.java:10)2021-08-03 10:53:21 INFO  Checking for 8 .
 (FiboPrime.java:68)2021-08-03 10:53:21 INFO  Is it prime?
 (FiboPrime.java:19)2021-08-03 10:53:21 INFO  Checking for 9 .
 (FiboPrime.java:68)2021-08-03 10:53:21 INFO  Is it prime?
 (FiboPrime.java:19)2021-08-03 10:53:21 INFO  Checking for 10 .
 (FiboPrime.java:68)2021-08-03 10:53:21 INFO  Is it prime?
 (FiboPrime.java:19)2021-08-03 10:53:21 INFO  Checking for 11 .
 (FiboPrime.java:68)2021-08-03 10:53:21 INFO  Is it prime?
 (FiboPrime.java:19)2021-08-03 10:53:21 INFO  Is it in fibonacci?
 (FiboPrime.java:10)2021-08-03 10:53:21 INFO  Checking for 12 .
 (FiboPrime.java:68)2021-08-03 10:53:21 INFO  Is it prime?
 (FiboPrime.java:19)2021-08-03 10:53:21 INFO  Checking for 13 .
 (FiboPrime.java:68)2021-08-03 10:53:21 INFO  Is it prime?
 (FiboPrime.java:19)2021-08-03 10:53:21 INFO  Is it in fibonacci?
 (FiboPrime.java:10)2021-08-03 10:53:21 INFO  Checking for 14 .
 (FiboPrime.java:68)2021-08-03 10:53:21 INFO  Is it prime?
 (FiboPrime.java:19)2021-08-03 10:53:21 INFO  Checking for 15 .
 (FiboPrime.java:68)2021-08-03 10:53:21 INFO  Is it prime?
 (FiboPrime.java:19)2021-08-03 10:53:21 INFO  Function has ended

 (FiboPrime.java:73)2021-08-03 10:53:28 INFO  Function has started.
 (FiboPrime.java:59)2021-08-03 10:53:28 INFO  Checking for 1 .
 (FiboPrime.java:68)2021-08-03 10:53:28 INFO  Is it prime?
 (FiboPrime.java:19)2021-08-03 10:53:28 INFO  Checking for 2 .
 (FiboPrime.java:68)2021-08-03 10:53:28 INFO  Is it prime?
 (FiboPrime.java:19)2021-08-03 10:53:28 INFO  Is it in fibonacci?
 (FiboPrime.java:10)2021-08-03 10:53:28 INFO  Checking for 3 .
 (FiboPrime.java:68)2021-08-03 10:53:28 INFO  Is it prime?
 (FiboPrime.java:19)2021-08-03 10:53:28 INFO  Is it in fibonacci?
 (FiboPrime.java:10)2021-08-03 10:53:28 INFO  Checking for 4 .
 (FiboPrime.java:68)2021-08-03 10:53:28 INFO  Is it prime?
 (FiboPrime.java:19)2021-08-03 10:53:28 INFO  Checking for 5 .
 (FiboPrime.java:68)2021-08-03 10:53:28 INFO  Is it prime?
 (FiboPrime.java:19)2021-08-03 10:53:28 INFO  Is it in fibonacci?
 (FiboPrime.java:10)2021-08-03 10:53:28 INFO  Checking for 6 .
 (FiboPrime.java:68)2021-08-03 10:53:28 INFO  Is it prime?
 (FiboPrime.java:19)2021-08-03 10:53:28 INFO  Checking for 7 .
 (FiboPrime.java:68)2021-08-03 10:53:28 INFO  Is it prime?
 (FiboPrime.java:19)2021-08-03 10:53:28 INFO  Is it in fibonacci?
 (FiboPrime.java:10)2021-08-03 10:53:28 INFO  Checking for 8 .
 (FiboPrime.java:68)2021-08-03 10:53:28 INFO  Is it prime?
 (FiboPrime.java:19)2021-08-03 10:53:28 INFO  Checking for 9 .
 (FiboPrime.java:68)2021-08-03 10:53:28 INFO  Is it prime?
 (FiboPrime.java:19)2021-08-03 10:53:28 INFO  Checking for 10 .
 (FiboPrime.java:68)2021-08-03 10:53:28 INFO  Is it prime?
 (FiboPrime.java:19)2021-08-03 10:53:28 INFO  Checking for 11 .
 (FiboPrime.java:68)2021-08-03 10:53:28 INFO  Is it prime?
 (FiboPrime.java:19)2021-08-03 10:53:28 INFO  Is it in fibonacci?
 (FiboPrime.java:10)2021-08-03 10:53:28 INFO  Checking for 12 .
 (FiboPrime.java:68)2021-08-03 10:53:28 INFO  Is it prime?
 (FiboPrime.java:19)2021-08-03 10:53:28 INFO  Checking for 13 .
 (FiboPrime.java:68)2021-08-03 10:53:28 INFO  Is it prime?
 (FiboPrime.java:19)2021-08-03 10:53:28 INFO  Is it in fibonacci?
 (FiboPrime.java:10)2021-08-03 10:53:28 INFO  Checking for 14 .
 (FiboPrime.java:68)2021-08-03 10:53:28 INFO  Is it prime?
 (FiboPrime.java:19)2021-08-03 10:53:28 INFO  Checking for 15 .
 (FiboPrime.java:68)2021-08-03 10:53:28 INFO  Is it prime?
 (FiboPrime.java:19)2021-08-03 10:53:28 INFO  Function has ended

 (FiboPrime.java:73)2021-08-03 11:41:15 INFO  Function has started.
 (FiboPrime.java:59)2021-08-03 11:41:15 INFO  Checking for 1 .
 (FiboPrime.java:68)2021-08-03 11:41:15 INFO  Is it prime?
 (FiboPrime.java:19)2021-08-03 11:41:15 INFO  Checking for 2 .
 (FiboPrime.java:68)2021-08-03 11:41:15 INFO  Is it prime?
 (FiboPrime.java:19)2021-08-03 11:41:15 INFO  Is it in fibonacci?
 (FiboPrime.java:10)2021-08-03 11:41:15 INFO  Checking for 3 .
 (FiboPrime.java:68)2021-08-03 11:41:15 INFO  Is it prime?
 (FiboPrime.java:19)2021-08-03 11:41:15 INFO  Is it in fibonacci?
 (FiboPrime.java:10)2021-08-03 11:41:15 INFO  Checking for 4 .
 (FiboPrime.java:68)2021-08-03 11:41:15 INFO  Is it prime?
 (FiboPrime.java:19)2021-08-03 11:41:15 INFO  Checking for 5 .
 (FiboPrime.java:68)2021-08-03 11:41:15 INFO  Is it prime?
 (FiboPrime.java:19)2021-08-03 11:41:15 INFO  Is it in fibonacci?
 (FiboPrime.java:10)2021-08-03 11:41:15 INFO  Checking for 6 .
 (FiboPrime.java:68)2021-08-03 11:41:15 INFO  Is it prime?
 (FiboPrime.java:19)2021-08-03 11:41:15 INFO  Checking for 7 .
 (FiboPrime.java:68)2021-08-03 11:41:15 INFO  Is it prime?
 (FiboPrime.java:19)2021-08-03 11:41:15 INFO  Is it in fibonacci?
 (FiboPrime.java:10)2021-08-03 11:41:15 INFO  Checking for 8 .
 (FiboPrime.java:68)2021-08-03 11:41:15 INFO  Is it prime?
 (FiboPrime.java:19)2021-08-03 11:41:15 INFO  Checking for 9 .
 (FiboPrime.java:68)2021-08-03 11:41:15 INFO  Is it prime?
 (FiboPrime.java:19)2021-08-03 11:41:15 INFO  Checking for 10 .
 (FiboPrime.java:68)2021-08-03 11:41:15 INFO  Is it prime?
 (FiboPrime.java:19)2021-08-03 11:41:15 INFO  Checking for 11 .
 (FiboPrime.java:68)2021-08-03 11:41:15 INFO  Is it prime?
 (FiboPrime.java:19)2021-08-03 11:41:15 INFO  Is it in fibonacci?
 (FiboPrime.java:10)2021-08-03 11:41:15 INFO  Checking for 12 .
 (FiboPrime.java:68)2021-08-03 11:41:15 INFO  Is it prime?
 (FiboPrime.java:19)2021-08-03 11:41:15 INFO  Checking for 13 .
 (FiboPrime.java:68)2021-08-03 11:41:15 INFO  Is it prime?
 (FiboPrime.java:19)2021-08-03 11:41:15 INFO  Is it in fibonacci?
 (FiboPrime.java:10)2021-08-03 11:41:15 INFO  Checking for 14 .
 (FiboPrime.java:68)2021-08-03 11:41:15 INFO  Is it prime?
 (FiboPrime.java:19)2021-08-03 11:41:15 INFO  Checking for 15 .
 (FiboPrime.java:68)2021-08-03 11:41:15 INFO  Is it prime?
 (FiboPrime.java:19)2021-08-03 11:41:15 INFO  Function has ended

 (FiboPrime.java:73)2021-08-03 11:41:41 INFO  Function has started.
 (FiboPrime.java:59)2021-08-03 11:41:41 INFO  Checking for 1 .
 (FiboPrime.java:68)2021-08-03 11:41:41 INFO  Is it prime?
 (FiboPrime.java:19)2021-08-03 11:41:41 INFO  Checking for 2 .
 (FiboPrime.java:68)2021-08-03 11:41:41 INFO  Is it prime?
 (FiboPrime.java:19)2021-08-03 11:41:41 INFO  Is it in fibonacci?
 (FiboPrime.java:10)2021-08-03 11:41:41 INFO  Checking for 3 .
 (FiboPrime.java:68)2021-08-03 11:41:41 INFO  Is it prime?
 (FiboPrime.java:19)2021-08-03 11:41:41 INFO  Is it in fibonacci?
 (FiboPrime.java:10)2021-08-03 11:41:41 INFO  Checking for 4 .
 (FiboPrime.java:68)2021-08-03 11:41:41 INFO  Is it prime?
 (FiboPrime.java:19)2021-08-03 11:41:41 INFO  Checking for 5 .
 (FiboPrime.java:68)2021-08-03 11:41:41 INFO  Is it prime?
 (FiboPrime.java:19)2021-08-03 11:41:41 INFO  Is it in fibonacci?
 (FiboPrime.java:10)2021-08-03 11:41:41 INFO  Checking for 6 .
 (FiboPrime.java:68)2021-08-03 11:41:41 INFO  Is it prime?
 (FiboPrime.java:19)2021-08-03 11:41:41 INFO  Checking for 7 .
 (FiboPrime.java:68)2021-08-03 11:41:41 INFO  Is it prime?
 (FiboPrime.java:19)2021-08-03 11:41:41 INFO  Is it in fibonacci?
 (FiboPrime.java:10)2021-08-03 11:41:41 INFO  Checking for 8 .
 (FiboPrime.java:68)2021-08-03 11:41:41 INFO  Is it prime?
 (FiboPrime.java:19)2021-08-03 11:41:41 INFO  Checking for 9 .
 (FiboPrime.java:68)2021-08-03 11:41:41 INFO  Is it prime?
 (FiboPrime.java:19)2021-08-03 11:41:41 INFO  Checking for 10 .
 (FiboPrime.java:68)2021-08-03 11:41:41 INFO  Is it prime?
 (FiboPrime.java:19)2021-08-03 11:41:41 INFO  Checking for 11 .
 (FiboPrime.java:68)2021-08-03 11:41:41 INFO  Is it prime?
 (FiboPrime.java:19)2021-08-03 11:41:41 INFO  Is it in fibonacci?
 (FiboPrime.java:10)2021-08-03 11:41:41 INFO  Checking for 12 .
 (FiboPrime.java:68)2021-08-03 11:41:41 INFO  Is it prime?
 (FiboPrime.java:19)2021-08-03 11:41:41 INFO  Checking for 13 .
 (FiboPrime.java:68)2021-08-03 11:41:41 INFO  Is it prime?
 (FiboPrime.java:19)2021-08-03 11:41:41 INFO  Is it in fibonacci?
 (FiboPrime.java:10)2021-08-03 11:41:41 INFO  Checking for 14 .
 (FiboPrime.java:68)2021-08-03 11:41:41 INFO  Is it prime?
 (FiboPrime.java:19)2021-08-03 11:41:41 INFO  Checking for 15 .
 (FiboPrime.java:68)2021-08-03 11:41:41 INFO  Is it prime?
 (FiboPrime.java:19)2021-08-03 11:41:41 INFO  Function has ended

 (FiboPrime.java:73)2021-08-03 11:42:09 INFO  Function has started.
 (FiboPrime.java:59)2021-08-03 11:42:09 INFO  Checking for 1 .
 (FiboPrime.java:68)2021-08-03 11:42:09 INFO  Is it prime?
 (FiboPrime.java:19)2021-08-03 11:42:09 INFO  Checking for 2 .
 (FiboPrime.java:68)2021-08-03 11:42:09 INFO  Is it prime?
 (FiboPrime.java:19)2021-08-03 11:42:09 INFO  Is it in fibonacci?
 (FiboPrime.java:10)2021-08-03 11:42:09 INFO  Checking for 3 .
 (FiboPrime.java:68)2021-08-03 11:42:09 INFO  Is it prime?
 (FiboPrime.java:19)2021-08-03 11:42:09 INFO  Is it in fibonacci?
 (FiboPrime.java:10)2021-08-03 11:42:09 INFO  Checking for 4 .
 (FiboPrime.java:68)2021-08-03 11:42:09 INFO  Is it prime?
 (FiboPrime.java:19)2021-08-03 11:42:09 INFO  Checking for 5 .
 (FiboPrime.java:68)2021-08-03 11:42:09 INFO  Is it prime?
 (FiboPrime.java:19)2021-08-03 11:42:09 INFO  Is it in fibonacci?
 (FiboPrime.java:10)2021-08-03 11:42:09 INFO  Checking for 6 .
 (FiboPrime.java:68)2021-08-03 11:42:09 INFO  Is it prime?
 (FiboPrime.java:19)2021-08-03 11:42:09 INFO  Checking for 7 .
 (FiboPrime.java:68)2021-08-03 11:42:09 INFO  Is it prime?
 (FiboPrime.java:19)2021-08-03 11:42:09 INFO  Is it in fibonacci?
 (FiboPrime.java:10)2021-08-03 11:42:09 INFO  Checking for 8 .
 (FiboPrime.java:68)2021-08-03 11:42:09 INFO  Is it prime?
 (FiboPrime.java:19)2021-08-03 11:42:09 INFO  Checking for 9 .
 (FiboPrime.java:68)2021-08-03 11:42:09 INFO  Is it prime?
 (FiboPrime.java:19)2021-08-03 11:42:09 INFO  Checking for 10 .
 (FiboPrime.java:68)2021-08-03 11:42:09 INFO  Is it prime?
 (FiboPrime.java:19)2021-08-03 11:42:09 INFO  Checking for 11 .
 (FiboPrime.java:68)2021-08-03 11:42:09 INFO  Is it prime?
 (FiboPrime.java:19)2021-08-03 11:42:09 INFO  Is it in fibonacci?
 (FiboPrime.java:10)2021-08-03 11:42:09 INFO  Checking for 12 .
 (FiboPrime.java:68)2021-08-03 11:42:09 INFO  Is it prime?
 (FiboPrime.java:19)2021-08-03 11:42:09 INFO  Checking for 13 .
 (FiboPrime.java:68)2021-08-03 11:42:09 INFO  Is it prime?
 (FiboPrime.java:19)2021-08-03 11:42:09 INFO  Is it in fibonacci?
 (FiboPrime.java:10)2021-08-03 11:42:09 INFO  Checking for 14 .
 (FiboPrime.java:68)2021-08-03 11:42:09 INFO  Is it prime?
 (FiboPrime.java:19)2021-08-03 11:42:09 INFO  Checking for 15 .
 (FiboPrime.java:68)2021-08-03 11:42:09 INFO  Is it prime?
 (FiboPrime.java:19)2021-08-03 11:42:09 INFO  Function has ended

 (FiboPrime.java:73)2021-08-03 11:42:41 INFO  Function has started.
 (FiboPrime.java:59)2021-08-03 11:42:41 INFO  Checking for 1 .
 (FiboPrime.java:68)2021-08-03 11:42:41 INFO  Is it prime?
 (FiboPrime.java:19)2021-08-03 11:42:41 INFO  Checking for 2 .
 (FiboPrime.java:68)2021-08-03 11:42:41 INFO  Is it prime?
 (FiboPrime.java:19)2021-08-03 11:42:41 INFO  Is it in fibonacci?
 (FiboPrime.java:10)2021-08-03 11:42:41 INFO  Checking for 3 .
 (FiboPrime.java:68)2021-08-03 11:42:41 INFO  Is it prime?
 (FiboPrime.java:19)2021-08-03 11:42:41 INFO  Is it in fibonacci?
 (FiboPrime.java:10)2021-08-03 11:42:41 INFO  Checking for 4 .
 (FiboPrime.java:68)2021-08-03 11:42:41 INFO  Is it prime?
 (FiboPrime.java:19)2021-08-03 11:42:41 INFO  Checking for 5 .
 (FiboPrime.java:68)2021-08-03 11:42:41 INFO  Is it prime?
 (FiboPrime.java:19)2021-08-03 11:42:41 INFO  Is it in fibonacci?
 (FiboPrime.java:10)2021-08-03 11:42:41 INFO  Checking for 6 .
 (FiboPrime.java:68)2021-08-03 11:42:41 INFO  Is it prime?
 (FiboPrime.java:19)2021-08-03 11:42:41 INFO  Checking for 7 .
 (FiboPrime.java:68)2021-08-03 11:42:41 INFO  Is it prime?
 (FiboPrime.java:19)2021-08-03 11:42:41 INFO  Is it in fibonacci?
 (FiboPrime.java:10)2021-08-03 11:42:41 INFO  Checking for 8 .
 (FiboPrime.java:68)2021-08-03 11:42:41 INFO  Is it prime?
 (FiboPrime.java:19)2021-08-03 11:42:41 INFO  Checking for 9 .
 (FiboPrime.java:68)2021-08-03 11:42:41 INFO  Is it prime?
 (FiboPrime.java:19)2021-08-03 11:42:41 INFO  Checking for 10 .
 (FiboPrime.java:68)2021-08-03 11:42:41 INFO  Is it prime?
 (FiboPrime.java:19)2021-08-03 11:42:41 INFO  Checking for 11 .
 (FiboPrime.java:68)2021-08-03 11:42:41 INFO  Is it prime?
 (FiboPrime.java:19)2021-08-03 11:42:41 INFO  Is it in fibonacci?
 (FiboPrime.java:10)2021-08-03 11:42:41 INFO  Checking for 12 .
 (FiboPrime.java:68)2021-08-03 11:42:41 INFO  Is it prime?
 (FiboPrime.java:19)2021-08-03 11:42:41 INFO  Checking for 13 .
 (FiboPrime.java:68)2021-08-03 11:42:41 INFO  Is it prime?
 (FiboPrime.java:19)2021-08-03 11:42:41 INFO  Is it in fibonacci?
 (FiboPrime.java:10)2021-08-03 11:42:41 INFO  Checking for 14 .
 (FiboPrime.java:68)2021-08-03 11:42:41 INFO  Is it prime?
 (FiboPrime.java:19)2021-08-03 11:42:41 INFO  Checking for 15 .
 (FiboPrime.java:68)2021-08-03 11:42:41 INFO  Is it prime?
 (FiboPrime.java:19)2021-08-03 11:42:41 INFO  Function has ended

 (FiboPrime.java:73)2021-08-03 11:44:19 INFO  Function has started.
 (FiboPrime.java:59)2021-08-03 11:44:19 INFO  Checking for 1 .
 (FiboPrime.java:68)2021-08-03 11:44:19 INFO  Is it prime?
 (FiboPrime.java:19)2021-08-03 11:44:19 INFO  Checking for 2 .
 (FiboPrime.java:68)2021-08-03 11:44:19 INFO  Is it prime?
 (FiboPrime.java:19)2021-08-03 11:44:19 INFO  Is it in fibonacci?
 (FiboPrime.java:10)2021-08-03 11:44:19 INFO  Checking for 3 .
 (FiboPrime.java:68)2021-08-03 11:44:19 INFO  Is it prime?
 (FiboPrime.java:19)2021-08-03 11:44:19 INFO  Is it in fibonacci?
 (FiboPrime.java:10)2021-08-03 11:44:19 INFO  Checking for 4 .
 (FiboPrime.java:68)2021-08-03 11:44:19 INFO  Is it prime?
 (FiboPrime.java:19)2021-08-03 11:44:19 INFO  Checking for 5 .
 (FiboPrime.java:68)2021-08-03 11:44:19 INFO  Is it prime?
 (FiboPrime.java:19)2021-08-03 11:44:19 INFO  Is it in fibonacci?
 (FiboPrime.java:10)2021-08-03 11:44:19 INFO  Checking for 6 .
 (FiboPrime.java:68)2021-08-03 11:44:19 INFO  Is it prime?
 (FiboPrime.java:19)2021-08-03 11:44:19 INFO  Checking for 7 .
 (FiboPrime.java:68)2021-08-03 11:44:19 INFO  Is it prime?
 (FiboPrime.java:19)2021-08-03 11:44:19 INFO  Is it in fibonacci?
 (FiboPrime.java:10)2021-08-03 11:44:19 INFO  Checking for 8 .
 (FiboPrime.java:68)2021-08-03 11:44:19 INFO  Is it prime?
 (FiboPrime.java:19)2021-08-03 11:44:19 INFO  Checking for 9 .
 (FiboPrime.java:68)2021-08-03 11:44:19 INFO  Is it prime?
 (FiboPrime.java:19)2021-08-03 11:44:19 INFO  Checking for 10 .
 (FiboPrime.java:68)2021-08-03 11:44:19 INFO  Is it prime?
 (FiboPrime.java:19)2021-08-03 11:44:19 INFO  Checking for 11 .
 (FiboPrime.java:68)2021-08-03 11:44:19 INFO  Is it prime?
 (FiboPrime.java:19)2021-08-03 11:44:19 INFO  Is it in fibonacci?
 (FiboPrime.java:10)2021-08-03 11:44:19 INFO  Checking for 12 .
 (FiboPrime.java:68)2021-08-03 11:44:19 INFO  Is it prime?
 (FiboPrime.java:19)2021-08-03 11:44:19 INFO  Checking for 13 .
 (FiboPrime.java:68)2021-08-03 11:44:19 INFO  Is it prime?
 (FiboPrime.java:19)2021-08-03 11:44:19 INFO  Is it in fibonacci?
 (FiboPrime.java:10)2021-08-03 11:44:19 INFO  Checking for 14 .
 (FiboPrime.java:68)2021-08-03 11:44:19 INFO  Is it prime?
 (FiboPrime.java:19)2021-08-03 11:44:19 INFO  Checking for 15 .
 (FiboPrime.java:68)2021-08-03 11:44:19 INFO  Is it prime?
 (FiboPrime.java:19)2021-08-03 11:44:19 INFO  Function has ended

 (FiboPrime.java:73)2021-08-03 11:44:33 INFO  Function has started.
 (FiboPrime.java:59)2021-08-03 11:44:33 INFO  Checking for 1 .
 (FiboPrime.java:68)2021-08-03 11:44:33 INFO  Is it prime?
 (FiboPrime.java:19)2021-08-03 11:44:33 INFO  Checking for 2 .
 (FiboPrime.java:68)2021-08-03 11:44:33 INFO  Is it prime?
 (FiboPrime.java:19)2021-08-03 11:44:33 INFO  Is it in fibonacci?
 (FiboPrime.java:10)2021-08-03 11:44:33 INFO  Checking for 3 .
 (FiboPrime.java:68)2021-08-03 11:44:33 INFO  Is it prime?
 (FiboPrime.java:19)2021-08-03 11:44:33 INFO  Is it in fibonacci?
 (FiboPrime.java:10)2021-08-03 11:44:33 INFO  Checking for 4 .
 (FiboPrime.java:68)2021-08-03 11:44:33 INFO  Is it prime?
 (FiboPrime.java:19)2021-08-03 11:44:33 INFO  Checking for 5 .
 (FiboPrime.java:68)2021-08-03 11:44:33 INFO  Is it prime?
 (FiboPrime.java:19)2021-08-03 11:44:33 INFO  Is it in fibonacci?
 (FiboPrime.java:10)2021-08-03 11:44:33 INFO  Checking for 6 .
 (FiboPrime.java:68)2021-08-03 11:44:33 INFO  Is it prime?
 (FiboPrime.java:19)2021-08-03 11:44:33 INFO  Checking for 7 .
 (FiboPrime.java:68)2021-08-03 11:44:33 INFO  Is it prime?
 (FiboPrime.java:19)2021-08-03 11:44:33 INFO  Is it in fibonacci?
 (FiboPrime.java:10)2021-08-03 11:44:33 INFO  Checking for 8 .
 (FiboPrime.java:68)2021-08-03 11:44:33 INFO  Is it prime?
 (FiboPrime.java:19)2021-08-03 11:44:33 INFO  Checking for 9 .
 (FiboPrime.java:68)2021-08-03 11:44:33 INFO  Is it prime?
 (FiboPrime.java:19)2021-08-03 11:44:33 INFO  Checking for 10 .
 (FiboPrime.java:68)2021-08-03 11:44:33 INFO  Is it prime?
 (FiboPrime.java:19)2021-08-03 11:44:33 INFO  Checking for 11 .
 (FiboPrime.java:68)2021-08-03 11:44:33 INFO  Is it prime?
 (FiboPrime.java:19)2021-08-03 11:44:33 INFO  Is it in fibonacci?
 (FiboPrime.java:10)2021-08-03 11:44:33 INFO  Checking for 12 .
 (FiboPrime.java:68)2021-08-03 11:44:33 INFO  Is it prime?
 (FiboPrime.java:19)2021-08-03 11:44:33 INFO  Checking for 13 .
 (FiboPrime.java:68)2021-08-03 11:44:33 INFO  Is it prime?
 (FiboPrime.java:19)2021-08-03 11:44:33 INFO  Is it in fibonacci?
 (FiboPrime.java:10)2021-08-03 11:44:33 INFO  Checking for 14 .
 (FiboPrime.java:68)2021-08-03 11:44:33 INFO  Is it prime?
 (FiboPrime.java:19)2021-08-03 11:44:33 INFO  Checking for 15 .
 (FiboPrime.java:68)2021-08-03 11:44:33 INFO  Is it prime?
 (FiboPrime.java:19)2021-08-03 11:44:33 INFO  Function has ended

 (FiboPrime.java:73)2021-08-03 11:45:09 INFO  Function has started.
 (FiboPrime.java:59)2021-08-03 11:45:09 INFO  Checking for 1 .
 (FiboPrime.java:68)2021-08-03 11:45:09 INFO  Is it prime?
 (FiboPrime.java:19)2021-08-03 11:45:09 INFO  Checking for 2 .
 (FiboPrime.java:68)2021-08-03 11:45:09 INFO  Is it prime?
 (FiboPrime.java:19)2021-08-03 11:45:09 INFO  Is it in fibonacci?
 (FiboPrime.java:10)2021-08-03 11:45:09 INFO  Checking for 3 .
 (FiboPrime.java:68)2021-08-03 11:45:09 INFO  Is it prime?
 (FiboPrime.java:19)2021-08-03 11:45:09 INFO  Is it in fibonacci?
 (FiboPrime.java:10)2021-08-03 11:45:09 INFO  Checking for 4 .
 (FiboPrime.java:68)2021-08-03 11:45:09 INFO  Is it prime?
 (FiboPrime.java:19)2021-08-03 11:45:09 INFO  Checking for 5 .
 (FiboPrime.java:68)2021-08-03 11:45:09 INFO  Is it prime?
 (FiboPrime.java:19)2021-08-03 11:45:09 INFO  Is it in fibonacci?
 (FiboPrime.java:10)2021-08-03 11:45:09 INFO  Checking for 6 .
 (FiboPrime.java:68)2021-08-03 11:45:09 INFO  Is it prime?
 (FiboPrime.java:19)2021-08-03 11:45:09 INFO  Checking for 7 .
 (FiboPrime.java:68)2021-08-03 11:45:09 INFO  Is it prime?
 (FiboPrime.java:19)2021-08-03 11:45:09 INFO  Is it in fibonacci?
 (FiboPrime.java:10)2021-08-03 11:45:09 INFO  Checking for 8 .
 (FiboPrime.java:68)2021-08-03 11:45:09 INFO  Is it prime?
 (FiboPrime.java:19)2021-08-03 11:45:09 INFO  Checking for 9 .
 (FiboPrime.java:68)2021-08-03 11:45:09 INFO  Is it prime?
 (FiboPrime.java:19)2021-08-03 11:45:09 INFO  Checking for 10 .
 (FiboPrime.java:68)2021-08-03 11:45:09 INFO  Is it prime?
 (FiboPrime.java:19)2021-08-03 11:45:09 INFO  Checking for 11 .
 (FiboPrime.java:68)2021-08-03 11:45:09 INFO  Is it prime?
 (FiboPrime.java:19)2021-08-03 11:45:09 INFO  Is it in fibonacci?
 (FiboPrime.java:10)2021-08-03 11:45:09 INFO  Checking for 12 .
 (FiboPrime.java:68)2021-08-03 11:45:09 INFO  Is it prime?
 (FiboPrime.java:19)2021-08-03 11:45:09 INFO  Checking for 13 .
 (FiboPrime.java:68)2021-08-03 11:45:09 INFO  Is it prime?
 (FiboPrime.java:19)2021-08-03 11:45:09 INFO  Is it in fibonacci?
 (FiboPrime.java:10)2021-08-03 11:45:09 INFO  Checking for 14 .
 (FiboPrime.java:68)2021-08-03 11:45:09 INFO  Is it prime?
 (FiboPrime.java:19)2021-08-03 11:45:09 INFO  Checking for 15 .
 (FiboPrime.java:68)2021-08-03 11:45:09 INFO  Is it prime?
 (FiboPrime.java:19)2021-08-03 11:45:09 INFO  Function has ended

 (FiboPrime.java:73)2021-08-03 11:45:25 INFO  Function has started.
 (FiboPrime.java:59)2021-08-03 11:45:25 INFO  Checking for 1 .
 (FiboPrime.java:68)2021-08-03 11:45:25 INFO  Is it prime?
 (FiboPrime.java:19)2021-08-03 11:45:25 INFO  Checking for 2 .
 (FiboPrime.java:68)2021-08-03 11:45:25 INFO  Is it prime?
 (FiboPrime.java:19)2021-08-03 11:45:25 INFO  Is it in fibonacci?
 (FiboPrime.java:10)2021-08-03 11:45:25 INFO  Checking for 3 .
 (FiboPrime.java:68)2021-08-03 11:45:25 INFO  Is it prime?
 (FiboPrime.java:19)2021-08-03 11:45:25 INFO  Is it in fibonacci?
 (FiboPrime.java:10)2021-08-03 11:45:25 INFO  Checking for 4 .
 (FiboPrime.java:68)2021-08-03 11:45:25 INFO  Is it prime?
 (FiboPrime.java:19)2021-08-03 11:45:25 INFO  Checking for 5 .
 (FiboPrime.java:68)2021-08-03 11:45:25 INFO  Is it prime?
 (FiboPrime.java:19)2021-08-03 11:45:25 INFO  Is it in fibonacci?
 (FiboPrime.java:10)2021-08-03 11:45:25 INFO  Checking for 6 .
 (FiboPrime.java:68)2021-08-03 11:45:25 INFO  Is it prime?
 (FiboPrime.java:19)2021-08-03 11:45:25 INFO  Checking for 7 .
 (FiboPrime.java:68)2021-08-03 11:45:25 INFO  Is it prime?
 (FiboPrime.java:19)2021-08-03 11:45:25 INFO  Is it in fibonacci?
 (FiboPrime.java:10)2021-08-03 11:45:25 INFO  Checking for 8 .
 (FiboPrime.java:68)2021-08-03 11:45:25 INFO  Is it prime?
 (FiboPrime.java:19)2021-08-03 11:45:25 INFO  Checking for 9 .
 (FiboPrime.java:68)2021-08-03 11:45:25 INFO  Is it prime?
 (FiboPrime.java:19)2021-08-03 11:45:25 INFO  Checking for 10 .
 (FiboPrime.java:68)2021-08-03 11:45:25 INFO  Is it prime?
 (FiboPrime.java:19)2021-08-03 11:45:25 INFO  Checking for 11 .
 (FiboPrime.java:68)2021-08-03 11:45:25 INFO  Is it prime?
 (FiboPrime.java:19)2021-08-03 11:45:25 INFO  Is it in fibonacci?
 (FiboPrime.java:10)2021-08-03 11:45:25 INFO  Checking for 12 .
 (FiboPrime.java:68)2021-08-03 11:45:25 INFO  Is it prime?
 (FiboPrime.java:19)2021-08-03 11:45:25 INFO  Checking for 13 .
 (FiboPrime.java:68)2021-08-03 11:45:25 INFO  Is it prime?
 (FiboPrime.java:19)2021-08-03 11:45:25 INFO  Is it in fibonacci?
 (FiboPrime.java:10)2021-08-03 11:45:25 INFO  Checking for 14 .
 (FiboPrime.java:68)2021-08-03 11:45:25 INFO  Is it prime?
 (FiboPrime.java:19)2021-08-03 11:45:25 INFO  Checking for 15 .
 (FiboPrime.java:68)2021-08-03 11:45:25 INFO  Is it prime?
 (FiboPrime.java:19)2021-08-03 11:45:25 INFO  Function has ended

 (FiboPrime.java:73)